生成启动时间为 2021/10/15 14:22:57。
     1>项目“D:\新建文件夹\新建文件夹\text1\text1\text1.vcxproj”在节点 2 上(build 个目标)。
     1>InitializeBuildStatus:
         正在创建“Debug\text1.unsuccessfulbuild”，因为已指定“AlwaysCreate”。
       ClCompile:
         C:\Program Files (x86)\Microsoft Visual Studio 10.0\VC\bin\CL.exe /c /ZI /nologo /W3 /WX- /Od /Oy- /D WIN32 /D _DEBUG /D _CONSOLE /D _UNICODE /D UNICODE /Gm /EHsc /RTC1 /MDd /GS /fp:precise /Zc:wchar_t /Zc:forScope /Fo"Debug\\" /Fd"Debug\vc100.pdb" /Gd /TP /analyze- /errorReport:prompt 1.cpp
         1.cpp
       ManifestResourceCompile:
         所有输出均为最新。
       Link:
         C:\Program Files (x86)\Microsoft Visual Studio 10.0\VC\bin\link.exe /ERRORREPORT:PROMPT /OUT:"D:\新建文件夹\新建文件夹\text1\Debug\text1.exe" /INCREMENTAL /NOLOGO kernel32.lib user32.lib gdi32.lib winspool.lib comdlg32.lib advapi32.lib shell32.lib ole32.lib oleaut32.lib uuid.lib odbc32.lib odbccp32.lib /MANIFEST /ManifestFile:"Debug\text1.exe.intermediate.manifest" /MANIFESTUAC:"level='asInvoker' uiAccess='false'" /DEBUG /PDB:"D:\新建文件夹\新建文件夹\text1\Debug\text1.pdb" /SUBSYSTEM:CONSOLE /TLBID:1 /DYNAMICBASE /NXCOMPAT /IMPLIB:"D:\新建文件夹\新建文件夹\text1\Debug\text1.lib" /MACHINE:X86 Debug\text1.exe.embed.manifest.res
         Debug\1.obj
       Manifest:
         C:\Program Files (x86)\Microsoft SDKs\Windows\v7.0A\bin\mt.exe /nologo /verbose /out:"Debug\text1.exe.embed.manifest" /manifest Debug\text1.exe.intermediate.manifest
         所有输出均为最新。
       LinkEmbedManifest:
         所有输出均为最新。
         text1.vcxproj -> D:\新建文件夹\新建文件夹\text1\Debug\text1.exe
       FinalizeBuildStatus:
         正在删除文件“Debug\text1.unsuccessfulbuild”。
         正在对“Debug\text1.lastbuildstate”执行 Touch 任务。
     1>已完成生成项目“D:\新建文件夹\新建文件夹\text1\text1\text1.vcxproj”(build 个目标)的操作。

生成成功。

已用时间 00:00:02.29
